<?xml version="1.0" encoding="UTF-8"?>
<TestRun id="7eb05a0d-c6ed-408b-b6bf-375eaeacfa3b" name="csq@CSQ-HP 2012-11-26 01:28:15" runUser="csq-HP\csq" xmlns="http://microsoft.com/schemas/VisualStudio/TeamTest/2010">
  <TestSettings name="Local" id="1e55fc8c-f910-491d-a8c5-709fde21967d">
    <Description>These are default test settings for a local test run.</Description>
    <Deployment enabled="false" runDeploymentRoot="csq_CSQ-HP 2012-11-26 01_28_15">
      <DeploymentItem filename="C:\Program Files (x86)\Microsoft ASP.NET\ASP.NET MVC 4\Assemblies\System.Net.Http.dll" />
      <DeploymentItem filename="C:\Users\csq\documents\visual studio 2010\Projects\ContentManagerMVC\packages\DotNetOpenAuth.Core.4.0.3.12153\lib\net40-full\DotNetOpenAuth.Core.dll" />
      <DeploymentItem filename="C:\Program Files (x86)\Microsoft ASP.NET\ASP.NET Web Pages\v2.0\Assemblies\WebMatrix.WebData.dll" />
      <DeploymentItem filename="C:\Program Files (x86)\Microsoft ASP.NET\ASP.NET Web Pages\v2.0\Assemblies\System.Web.WebPages.dll" />
      <DeploymentItem filename="C:\Users\csq\documents\visual studio 2010\Projects\ContentManagerMVC\packages\DotNetOpenAuth.AspNet.4.0.3.12153\lib\net40-full\DotNetOpenAuth.AspNet.dll" />
      <DeploymentItem filename="C:\Users\csq\documents\visual studio 2010\Projects\ContentManagerMVC\ContentManagerMVC\bin\ContentManagerMVC.dll" />
      <DeploymentItem filename="C:\Users\csq\documents\visual studio 2010\Projects\ContentManagerMVC\packages\DotNetOpenAuth.OpenId.Core.4.0.3.12153\lib\net40-full\DotNetOpenAuth.OpenId.dll" />
      <DeploymentItem filename="C:\Program Files (x86)\Microsoft ASP.NET\ASP.NET Web Pages\v2.0\Assemblies\WebMatrix.Data.dll" />
      <DeploymentItem filename="C:\Program Files (x86)\Microsoft ASP.NET\ASP.NET MVC 4\Assemblies\System.Web.Mvc.dll" />
      <DeploymentItem filename="C:\Program Files (x86)\Microsoft ASP.NET\ASP.NET Web Pages\v2.0\Assemblies\System.Web.WebPages.Deployment.dll" />
      <DeploymentItem filename="C:\Program Files (x86)\Microsoft ASP.NET\ASP.NET Web Pages\v2.0\Assemblies\System.Web.Helpers.dll" />
      <DeploymentItem filename="C:\Users\csq\documents\visual studio 2010\Projects\ContentManagerMVC\packages\DotNetOpenAuth.OAuth.Core.4.0.3.12153\lib\net40-full\DotNetOpenAuth.OAuth.dll" />
      <DeploymentItem filename="C:\Program Files (x86)\Microsoft ASP.NET\ASP.NET Web Pages\v2.0\Assemblies\System.Web.WebPages.Razor.dll" />
      <DeploymentItem filename="C:\Program Files (x86)\Microsoft ASP.NET\ASP.NET Web Pages\v2.0\Assemblies\System.Web.Razor.dll" />
      <DeploymentItem filename="C:\Users\csq\documents\visual studio 2010\Projects\ContentManagerMVC\packages\PagedList.1.15.0.0\lib\net40\PagedList.dll" />
      <DeploymentItem filename="C:\Program Files (x86)\Microsoft ASP.NET\ASP.NET MVC 4\Assemblies\System.Net.Http.WebRequest.dll" />
      <DeploymentItem filename="C:\Program Files (x86)\Microsoft ASP.NET\ASP.NET MVC 4\Assemblies\System.Web.Http.WebHost.dll" />
      <DeploymentItem filename="C:\Users\csq\documents\visual studio 2010\Projects\ContentManagerMVC\packages\EntityFramework.5.0.0\lib\net40\EntityFramework.dll" />
      <DeploymentItem filename="C:\Users\csq\documents\visual studio 2010\Projects\ContentManagerMVC\packages\Newtonsoft.Json.4.5.6\lib\net40\Newtonsoft.Json.dll" />
      <DeploymentItem filename="C:\Users\csq\documents\visual studio 2010\Projects\ContentManagerMVC\packages\WebGrease.1.1.0\lib\Antlr3.Runtime.dll" />
      <DeploymentItem filename="C:\Users\csq\documents\visual studio 2010\Projects\ContentManagerMVC\packages\PagedList.Mvc.3.18.0.0\lib\net40\PagedList.Mvc.dll" />
      <DeploymentItem filename="C:\Users\csq\documents\visual studio 2010\Projects\ContentManagerMVC\packages\WebGrease.1.1.0\lib\WebGrease.dll" />
      <DeploymentItem filename="C:\Users\csq\documents\visual studio 2010\Projects\ContentManagerMVC\packages\Microsoft.AspNet.Web.Optimization.1.0.0\lib\net40\System.Web.Optimization.dll" />
      <DeploymentItem filename="C:\Program Files (x86)\Microsoft ASP.NET\ASP.NET Web Pages\v2.0\Assemblies\Microsoft.Web.Infrastructure.dll" />
      <DeploymentItem filename="C:\Users\csq\documents\visual studio 2010\Projects\ContentManagerMVC\packages\DotNetOpenAuth.OAuth.Consumer.4.0.3.12153\lib\net40-full\DotNetOpenAuth.OAuth.Consumer.dll" />
      <DeploymentItem filename="C:\Program Files (x86)\Microsoft ASP.NET\ASP.NET Web Pages\v2.0\Assemblies\Microsoft.Web.WebPages.OAuth.dll" />
      <DeploymentItem filename="C:\Program Files (x86)\Microsoft ASP.NET\ASP.NET MVC 4\Assemblies\System.Web.Http.dll" />
      <DeploymentItem filename="C:\Users\csq\documents\visual studio 2010\Projects\ContentManagerMVC\packages\DotNetOpenAuth.OpenId.RelyingParty.4.0.3.12153\lib\net40-full\DotNetOpenAuth.OpenId.RelyingParty.dll" />
      <DeploymentItem filename="C:\Program Files (x86)\Microsoft ASP.NET\ASP.NET MVC 4\Assemblies\System.Net.Http.Formatting.dll" />
    </Deployment>
    <Execution>
      <TestTypeSpecific />
      <AgentRule name="Execution Agents">
      </AgentRule>
    </Execution>
  </TestSettings>
  <Times creation="2012-11-26T01:28:15.8373162-08:00" queuing="2012-11-26T01:28:15.9753241-08:00" start="2012-11-26T01:28:15.9803244-08:00" finish="2012-11-26T01:28:22.4586949-08:00" />
  <ResultSummary outcome="Failed">
    <Counters total="1" executed="1" error="0" failed="1" timeout="0" aborted="0" inconclusive="0" passedButRunAborted="0" notRunnable="0" notExecuted="0" disconnected="0" warning="0" passed="0" completed="0" inProgress="0" pending="0" />
  </ResultSummary>
  <TestDefinitions>
    <UnitTest name="PlayerAddScheduleTest" storage="c:\users\csq\documents\visual studio 2010\projects\contentmanagermvc\testprojectmvc\bin\debug\testprojectmvc.dll" id="d2a1474d-3bcd-8a7e-5316-a104ec147069">
      <Execution id="a4311b8c-fd16-4876-84b3-0df720afd864" />
      <TestMethod codeBase="C:/Users/csq/documents/visual studio 2010/Projects/ContentManagerMVC/TestProjectMVC/bin/Debug/TestProjectMVC.DLL" adapterTypeName="Microsoft.VisualStudio.TestTools.TestTypes.Unit.UnitTestAdapter, Microsoft.VisualStudio.QualityTools.Tips.UnitTest.Adapter, Version=10.0.0.0, Culture=neutral, PublicKeyToken=b03f5f7f11d50a3a" className="TestProjectMVC.PlayerControllerTest, TestProjectMVC, Version=1.0.0.0, Culture=neutral, PublicKeyToken=null" name="PlayerAddScheduleTest" />
    </UnitTest>
  </TestDefinitions>
  <TestLists>
    <TestList name="Results Not in a List" id="8c84fa94-04c1-424b-9868-57a2d4851a1d" />
    <TestList name="All Loaded Results" id="19431567-8539-422a-85d7-44ee4e166bda" />
  </TestLists>
  <TestEntries>
    <TestEntry testId="d2a1474d-3bcd-8a7e-5316-a104ec147069" executionId="a4311b8c-fd16-4876-84b3-0df720afd864" testListId="8c84fa94-04c1-424b-9868-57a2d4851a1d" />
  </TestEntries>
  <Results>
    <UnitTestResult executionId="a4311b8c-fd16-4876-84b3-0df720afd864" testId="d2a1474d-3bcd-8a7e-5316-a104ec147069" testName="PlayerAddScheduleTest" computerName="CSQ-HP" duration="00:00:04.4578444" startTime="2012-11-26T01:28:15.9883248-08:00" endTime="2012-11-26T01:28:20.5945883-08:00" testType="13cdc9d9-ddb5-4fa4-a97d-d965ccfc6d4b" outcome="Failed" testListId="8c84fa94-04c1-424b-9868-57a2d4851a1d" relativeResultsDirectory="a4311b8c-fd16-4876-84b3-0df720afd864">
      <Output>
        <ErrorInfo>
          <Message>Test method TestProjectMVC.PlayerControllerTest.PlayerAddScheduleTest threw exception: 
System.InvalidOperationException: The model backing the 'PlayerDBContext' context has changed since the database was created. Consider using Code First Migrations to update the database (http://go.microsoft.com/fwlink/?LinkId=238269).</Message>
          <StackTrace>    at System.Data.Entity.CreateDatabaseIfNotExists`1.InitializeDatabase(TContext context)
   at System.Data.Entity.Internal.InternalContext.&lt;&gt;c__DisplayClass8.&lt;PerformDatabaseInitialization&gt;b__6()
   at System.Data.Entity.Internal.InternalContext.PerformInitializationAction(Action action)
   at System.Data.Entity.Internal.InternalContext.PerformDatabaseInitialization()
   at System.Data.Entity.Internal.LazyInternalContext.&lt;InitializeDatabase&gt;b__4(InternalContext c)
   at System.Data.Entity.Internal.RetryAction`1.PerformAction(TInput input)
   at System.Data.Entity.Internal.LazyInternalContext.InitializeDatabaseAction(Action`1 action)
   at System.Data.Entity.Internal.LazyInternalContext.InitializeDatabase()
   at System.Data.Entity.Internal.InternalContext.GetEntitySetAndBaseTypeForType(Type entityType)
   at System.Data.Entity.Internal.Linq.InternalSet`1.Initialize()
   at System.Data.Entity.Internal.Linq.InternalSet`1.get_InternalContext()
   at System.Data.Entity.Internal.Linq.InternalSet`1.Find(Object[] keyValues)
   at System.Data.Entity.DbSet`1.Find(Object[] keyValues)
   at ContentManagerMVC.Controllers.PlayerController.PlayerAddSchedule(Int32 playerid) in C:\Users\csq\documents\visual studio 2010\Projects\ContentManagerMVC\ContentManagerMVC\Controllers\PlayerController.cs:line 122
   at TestProjectMVC.PlayerControllerTest.PlayerAddScheduleTest() in C:\Users\csq\documents\visual studio 2010\Projects\ContentManagerMVC\TestProjectMVC\PlayerControllerTest.cs:line 83
</StackTrace>
        </ErrorInfo>
      </Output>
    </UnitTestResult>
  </Results>
</TestRun>