<?xml version="1.0" encoding="UTF-8"?>
<TestRun id="9b102fc3-af05-43d0-add9-574d232f96da" name="csq@CSQ-HP 2012-11-26 00:55:38" runUser="csq-HP\csq" xmlns="http://microsoft.com/schemas/VisualStudio/TeamTest/2010">
  <TestSettings name="Local" id="1e55fc8c-f910-491d-a8c5-709fde21967d">
    <Description>These are default test settings for a local test run.</Description>
    <Deployment userDeploymentRoot="C:\Users\csq\documents\visual studio 2010\Projects\ContentManagerMVC\TestResults" useDefaultDeploymentRoot="false" enabled="false" runDeploymentRoot="csq_CSQ-HP 2012-11-26 00_55_38">
      <DeploymentItem filename="C:\Users\csq\documents\visual studio 2010\Projects\ContentManagerMVC\packages\Microsoft.AspNet.WebApi.Client.4.0.20710.0\lib\net40\System.Net.Http.Formatting.dll" />
      <DeploymentItem filename="C:\Users\csq\documents\visual studio 2010\Projects\ContentManagerMVC\packages\DotNetOpenAuth.Core.4.0.3.12153\lib\net40-full\DotNetOpenAuth.Core.dll" />
      <DeploymentItem filename="C:\Program Files (x86)\Microsoft ASP.NET\ASP.NET Web Pages\v2.0\Assemblies\System.Web.Helpers.dll" />
      <DeploymentItem filename="C:\Program Files (x86)\Microsoft ASP.NET\ASP.NET Web Pages\v2.0\Assemblies\WebMatrix.WebData.dll" />
      <DeploymentItem filename="C:\Program Files (x86)\Microsoft ASP.NET\ASP.NET Web Pages\v2.0\Assemblies\System.Web.WebPages.dll" />
      <DeploymentItem filename="C:\Program Files (x86)\Microsoft ASP.NET\ASP.NET Web Pages\v2.0\Assemblies\System.Web.WebPages.Razor.dll" />
      <DeploymentItem filename="C:\Users\csq\documents\visual studio 2010\Projects\ContentManagerMVC\packages\DotNetOpenAuth.AspNet.4.0.3.12153\lib\net40-full\DotNetOpenAuth.AspNet.dll" />
      <DeploymentItem filename="C:\Users\csq\documents\visual studio 2010\Projects\ContentManagerMVC\packages\PagedList.Mvc.3.18.0.0\lib\net40\PagedList.Mvc.dll" />
      <DeploymentItem filename="C:\Users\csq\documents\visual studio 2010\Projects\ContentManagerMVC\packages\Microsoft.AspNet.WebPages.OAuth.2.0.20710.0\lib\net40\Microsoft.Web.WebPages.OAuth.dll" />
      <DeploymentItem filename="C:\Users\csq\documents\visual studio 2010\Projects\ContentManagerMVC\ContentManagerMVC\bin\ContentManagerMVC.dll" />
      <DeploymentItem filename="C:\Users\csq\documents\visual studio 2010\Projects\ContentManagerMVC\packages\DotNetOpenAuth.OpenId.Core.4.0.3.12153\lib\net40-full\DotNetOpenAuth.OpenId.dll" />
      <DeploymentItem filename="C:\Users\csq\documents\visual studio 2010\Projects\ContentManagerMVC\packages\Microsoft.AspNet.Web.Optimization.1.0.0\lib\net40\System.Web.Optimization.dll" />
      <DeploymentItem filename="C:\Program Files (x86)\Microsoft ASP.NET\ASP.NET Web Pages\v2.0\Assemblies\System.Web.WebPages.Deployment.dll" />
      <DeploymentItem filename="C:\Users\csq\documents\visual studio 2010\Projects\ContentManagerMVC\packages\DotNetOpenAuth.OAuth.Core.4.0.3.12153\lib\net40-full\DotNetOpenAuth.OAuth.dll" />
      <DeploymentItem filename="C:\Users\csq\documents\visual studio 2010\Projects\ContentManagerMVC\packages\Microsoft.AspNet.WebApi.WebHost.4.0.20710.0\lib\net40\System.Web.Http.WebHost.dll" />
      <DeploymentItem filename="C:\Program Files (x86)\Microsoft ASP.NET\ASP.NET Web Pages\v2.0\Assemblies\System.Web.Razor.dll" />
      <DeploymentItem filename="C:\Program Files (x86)\Microsoft ASP.NET\ASP.NET Web Pages\v2.0\Assemblies\WebMatrix.Data.dll" />
      <DeploymentItem filename="C:\Users\csq\documents\visual studio 2010\Projects\ContentManagerMVC\packages\PagedList.1.15.0.0\lib\net40\PagedList.dll" />
      <DeploymentItem filename="C:\Users\csq\documents\visual studio 2010\Projects\ContentManagerMVC\packages\EntityFramework.5.0.0\lib\net40\EntityFramework.dll" />
      <DeploymentItem filename="C:\Users\csq\documents\visual studio 2010\Projects\ContentManagerMVC\packages\Newtonsoft.Json.4.5.6\lib\net40\Newtonsoft.Json.dll" />
      <DeploymentItem filename="C:\Users\csq\documents\visual studio 2010\Projects\ContentManagerMVC\packages\WebGrease.1.1.0\lib\Antlr3.Runtime.dll" />
      <DeploymentItem filename="C:\Users\csq\documents\visual studio 2010\Projects\ContentManagerMVC\packages\DotNetOpenAuth.OpenId.RelyingParty.4.0.3.12153\lib\net40-full\DotNetOpenAuth.OpenId.RelyingParty.dll" />
      <DeploymentItem filename="C:\Users\csq\documents\visual studio 2010\Projects\ContentManagerMVC\packages\WebGrease.1.1.0\lib\WebGrease.dll" />
      <DeploymentItem filename="C:\Users\csq\documents\visual studio 2010\Projects\ContentManagerMVC\packages\Microsoft.AspNet.WebApi.Core.4.0.20710.0\lib\net40\System.Web.Http.dll" />
      <DeploymentItem filename="C:\Users\csq\documents\visual studio 2010\Projects\ContentManagerMVC\packages\DotNetOpenAuth.OAuth.Consumer.4.0.3.12153\lib\net40-full\DotNetOpenAuth.OAuth.Consumer.dll" />
      <DeploymentItem filename="C:\Users\csq\documents\visual studio 2010\Projects\ContentManagerMVC\packages\Microsoft.Net.Http.2.0.20710.0\lib\net40\System.Net.Http.WebRequest.dll" />
      <DeploymentItem filename="C:\Program Files (x86)\Microsoft ASP.NET\ASP.NET Web Pages\v2.0\Assemblies\Microsoft.Web.Infrastructure.dll" />
      <DeploymentItem filename="C:\Program Files (x86)\Microsoft ASP.NET\ASP.NET MVC 4\Assemblies\System.Web.Mvc.dll" />
      <DeploymentItem filename="C:\Users\csq\documents\visual studio 2010\Projects\ContentManagerMVC\packages\Microsoft.Net.Http.2.0.20710.0\lib\net40\System.Net.Http.dll" />
    </Deployment>
    <Execution>
      <TestTypeSpecific />
      <AgentRule name="Execution Agents">
      </AgentRule>
    </Execution>
  </TestSettings>
  <Times creation="2012-11-26T00:55:38.4563604-08:00" queuing="2012-11-26T00:55:38.4943626-08:00" start="2012-11-26T00:55:38.5003629-08:00" finish="2012-11-26T00:56:10.5101938-08:00" />
  <ResultSummary outcome="Failed">
    <Counters total="1" executed="1" error="0" failed="1" timeout="0" aborted="0" inconclusive="0" passedButRunAborted="0" notRunnable="0" notExecuted="0" disconnected="0" warning="0" passed="0" completed="0" inProgress="0" pending="0" />
  </ResultSummary>
  <TestDefinitions>
    <UnitTest name="UserNameTest" storage="c:\users\csq\documents\visual studio 2010\projects\contentmanagermvc\debug\defaulttest.dll" id="006437ec-3ee3-3e6c-5ec7-0df17cf5624e">
      <Execution id="bcfa1f68-2751-4650-bb40-75da0c828d75" />
      <TestMethod codeBase="C:/Users/csq/documents/visual studio 2010/Projects/ContentManagerMVC/Debug/DefaultTest.DLL" adapterTypeName="Microsoft.VisualStudio.TestTools.TestTypes.Unit.UnitTestAdapter, Microsoft.VisualStudio.QualityTools.Tips.UnitTest.Adapter, Version=10.0.0.0, Culture=neutral, PublicKeyToken=b03f5f7f11d50a3a" className="TestProject1.RegisterModelTest, DefaultTest, Version=1.0.4713.1277, Culture=neutral, PublicKeyToken=null" name="UserNameTest" />
      <AspNet webSiteUrl="http://localhost:56551/">
        <Host pathToWebApp="C:\Users\csq\documents\visual studio 2010\Projects\ContentManagerMVC\ContentManagerMVC" webAppRoot="/" />
      </AspNet>
    </UnitTest>
  </TestDefinitions>
  <TestLists>
    <TestList name="Results Not in a List" id="8c84fa94-04c1-424b-9868-57a2d4851a1d" />
    <TestList name="All Loaded Results" id="19431567-8539-422a-85d7-44ee4e166bda" />
  </TestLists>
  <TestEntries>
    <TestEntry testId="006437ec-3ee3-3e6c-5ec7-0df17cf5624e" executionId="bcfa1f68-2751-4650-bb40-75da0c828d75" testListId="8c84fa94-04c1-424b-9868-57a2d4851a1d" />
  </TestEntries>
  <Results>
    <UnitTestResult executionId="bcfa1f68-2751-4650-bb40-75da0c828d75" testId="006437ec-3ee3-3e6c-5ec7-0df17cf5624e" testName="UserNameTest" computerName="CSQ-HP" startTime="2012-11-26T00:55:38.5063633-08:00" endTime="2012-11-26T00:56:10.4771919-08:00" testType="13cdc9d9-ddb5-4fa4-a97d-d965ccfc6d4b" outcome="Failed" testListId="8c84fa94-04c1-424b-9868-57a2d4851a1d" relativeResultsDirectory="bcfa1f68-2751-4650-bb40-75da0c828d75">
      <Output>
        <ErrorInfo>
          <Message>The Web server for page 'http://localhost:56551/' did not respond. Check that the Web server is running and visible on the network.</Message>
        </ErrorInfo>
      </Output>
    </UnitTestResult>
  </Results>
</TestRun>