<?xml version="1.0" encoding="UTF-8"?>
<TestRun id="bfe6b5a0-d17e-4456-8ef2-f4728ac35499" name="csq@CSQ-HP 2012-11-26 01:33:46" runUser="csq-HP\csq" xmlns="http://microsoft.com/schemas/VisualStudio/TeamTest/2010">
  <TestSettings name="Local" id="1e55fc8c-f910-491d-a8c5-709fde21967d">
    <Description>These are default test settings for a local test run.</Description>
    <Deployment enabled="false" runDeploymentRoot="csq_CSQ-HP 2012-11-26 01_33_46">
      <DeploymentItem filename="C:\Program Files (x86)\Microsoft ASP.NET\ASP.NET MVC 4\Assemblies\System.Net.Http.dll" />
      <DeploymentItem filename="C:\Users\csq\documents\visual studio 2010\Projects\ContentManagerMVC\packages\DotNetOpenAuth.Core.4.0.3.12153\lib\net40-full\DotNetOpenAuth.Core.dll" />
      <DeploymentItem filename="C:\Program Files (x86)\Microsoft ASP.NET\ASP.NET Web Pages\v2.0\Assemblies\WebMatrix.WebData.dll" />
      <DeploymentItem filename="C:\Program Files (x86)\Microsoft ASP.NET\ASP.NET Web Pages\v2.0\Assemblies\System.Web.WebPages.dll" />
      <DeploymentItem filename="C:\Users\csq\documents\visual studio 2010\Projects\ContentManagerMVC\packages\DotNetOpenAuth.AspNet.4.0.3.12153\lib\net40-full\DotNetOpenAuth.AspNet.dll" />
      <DeploymentItem filename="C:\Users\csq\documents\visual studio 2010\Projects\ContentManagerMVC\ContentManagerMVC\bin\ContentManagerMVC.dll" />
      <DeploymentItem filename="C:\Users\csq\documents\visual studio 2010\Projects\ContentManagerMVC\packages\DotNetOpenAuth.OpenId.Core.4.0.3.12153\lib\net40-full\DotNetOpenAuth.OpenId.dll" />
      <DeploymentItem filename="C:\Program Files (x86)\Microsoft ASP.NET\ASP.NET Web Pages\v2.0\Assemblies\WebMatrix.Data.dll" />
      <DeploymentItem filename="C:\Program Files (x86)\Microsoft ASP.NET\ASP.NET MVC 4\Assemblies\System.Web.Mvc.dll" />
      <DeploymentItem filename="C:\Program Files (x86)\Microsoft ASP.NET\ASP.NET Web Pages\v2.0\Assemblies\System.Web.WebPages.Deployment.dll" />
      <DeploymentItem filename="C:\Program Files (x86)\Microsoft ASP.NET\ASP.NET Web Pages\v2.0\Assemblies\System.Web.Helpers.dll" />
      <DeploymentItem filename="C:\Users\csq\documents\visual studio 2010\Projects\ContentManagerMVC\packages\DotNetOpenAuth.OAuth.Core.4.0.3.12153\lib\net40-full\DotNetOpenAuth.OAuth.dll" />
      <DeploymentItem filename="C:\Program Files (x86)\Microsoft ASP.NET\ASP.NET Web Pages\v2.0\Assemblies\System.Web.WebPages.Razor.dll" />
      <DeploymentItem filename="C:\Program Files (x86)\Microsoft ASP.NET\ASP.NET Web Pages\v2.0\Assemblies\System.Web.Razor.dll" />
      <DeploymentItem filename="C:\Users\csq\documents\visual studio 2010\Projects\ContentManagerMVC\packages\PagedList.1.15.0.0\lib\net40\PagedList.dll" />
      <DeploymentItem filename="C:\Program Files (x86)\Microsoft ASP.NET\ASP.NET MVC 4\Assemblies\System.Net.Http.WebRequest.dll" />
      <DeploymentItem filename="C:\Program Files (x86)\Microsoft ASP.NET\ASP.NET MVC 4\Assemblies\System.Web.Http.WebHost.dll" />
      <DeploymentItem filename="C:\Users\csq\documents\visual studio 2010\Projects\ContentManagerMVC\packages\EntityFramework.5.0.0\lib\net40\EntityFramework.dll" />
      <DeploymentItem filename="C:\Users\csq\documents\visual studio 2010\Projects\ContentManagerMVC\packages\Newtonsoft.Json.4.5.6\lib\net40\Newtonsoft.Json.dll" />
      <DeploymentItem filename="C:\Users\csq\documents\visual studio 2010\Projects\ContentManagerMVC\packages\WebGrease.1.1.0\lib\Antlr3.Runtime.dll" />
      <DeploymentItem filename="C:\Users\csq\documents\visual studio 2010\Projects\ContentManagerMVC\packages\PagedList.Mvc.3.18.0.0\lib\net40\PagedList.Mvc.dll" />
      <DeploymentItem filename="C:\Users\csq\documents\visual studio 2010\Projects\ContentManagerMVC\packages\WebGrease.1.1.0\lib\WebGrease.dll" />
      <DeploymentItem filename="C:\Users\csq\documents\visual studio 2010\Projects\ContentManagerMVC\packages\Microsoft.AspNet.Web.Optimization.1.0.0\lib\net40\System.Web.Optimization.dll" />
      <DeploymentItem filename="C:\Program Files (x86)\Microsoft ASP.NET\ASP.NET Web Pages\v2.0\Assemblies\Microsoft.Web.Infrastructure.dll" />
      <DeploymentItem filename="C:\Users\csq\documents\visual studio 2010\Projects\ContentManagerMVC\packages\DotNetOpenAuth.OAuth.Consumer.4.0.3.12153\lib\net40-full\DotNetOpenAuth.OAuth.Consumer.dll" />
      <DeploymentItem filename="C:\Program Files (x86)\Microsoft ASP.NET\ASP.NET Web Pages\v2.0\Assemblies\Microsoft.Web.WebPages.OAuth.dll" />
      <DeploymentItem filename="C:\Program Files (x86)\Microsoft ASP.NET\ASP.NET MVC 4\Assemblies\System.Web.Http.dll" />
      <DeploymentItem filename="C:\Users\csq\documents\visual studio 2010\Projects\ContentManagerMVC\packages\DotNetOpenAuth.OpenId.RelyingParty.4.0.3.12153\lib\net40-full\DotNetOpenAuth.OpenId.RelyingParty.dll" />
      <DeploymentItem filename="C:\Program Files (x86)\Microsoft ASP.NET\ASP.NET MVC 4\Assemblies\System.Net.Http.Formatting.dll" />
    </Deployment>
    <Execution>
      <TestTypeSpecific />
      <AgentRule name="Execution Agents">
      </AgentRule>
    </Execution>
  </TestSettings>
  <Times creation="2012-11-26T01:33:46.9722560-08:00" queuing="2012-11-26T01:33:47.0292593-08:00" start="2012-11-26T01:33:47.0392598-08:00" finish="2012-11-26T01:33:47.3292764-08:00" />
  <ResultSummary outcome="Failed">
    <Counters total="1" executed="1" error="0" failed="1" timeout="0" aborted="0" inconclusive="0" passedButRunAborted="0" notRunnable="0" notExecuted="0" disconnected="0" warning="0" passed="0" completed="0" inProgress="0" pending="0" />
  </ResultSummary>
  <TestDefinitions>
    <UnitTest name="PlayerIndexTest" storage="c:\users\csq\documents\visual studio 2010\projects\contentmanagermvc\testprojectmvc\bin\debug\testprojectmvc.dll" id="052da0b5-705a-8650-49b5-98b22cc2487a">
      <Execution id="cbad9900-f003-4522-a85a-f8d2895a716a" />
      <TestMethod codeBase="C:/Users/csq/documents/visual studio 2010/Projects/ContentManagerMVC/TestProjectMVC/bin/Debug/TestProjectMVC.DLL" adapterTypeName="Microsoft.VisualStudio.TestTools.TestTypes.Unit.UnitTestAdapter, Microsoft.VisualStudio.QualityTools.Tips.UnitTest.Adapter, Version=10.0.0.0, Culture=neutral, PublicKeyToken=b03f5f7f11d50a3a" className="TestProjectMVC.PlayerControllerTest, TestProjectMVC, Version=1.0.0.0, Culture=neutral, PublicKeyToken=null" name="PlayerIndexTest" />
    </UnitTest>
  </TestDefinitions>
  <TestLists>
    <TestList name="Results Not in a List" id="8c84fa94-04c1-424b-9868-57a2d4851a1d" />
    <TestList name="All Loaded Results" id="19431567-8539-422a-85d7-44ee4e166bda" />
  </TestLists>
  <TestEntries>
    <TestEntry testId="052da0b5-705a-8650-49b5-98b22cc2487a" executionId="cbad9900-f003-4522-a85a-f8d2895a716a" testListId="8c84fa94-04c1-424b-9868-57a2d4851a1d" />
  </TestEntries>
  <Results>
    <UnitTestResult executionId="cbad9900-f003-4522-a85a-f8d2895a716a" testId="052da0b5-705a-8650-49b5-98b22cc2487a" testName="PlayerIndexTest" computerName="CSQ-HP" duration="00:00:00.0810615" startTime="2012-11-26T01:33:47.0432601-08:00" endTime="2012-11-26T01:33:47.2762734-08:00" testType="13cdc9d9-ddb5-4fa4-a97d-d965ccfc6d4b" outcome="Failed" testListId="8c84fa94-04c1-424b-9868-57a2d4851a1d" relativeResultsDirectory="cbad9900-f003-4522-a85a-f8d2895a716a">
      <Output>
        <ErrorInfo>
          <Message>Test method TestProjectMVC.PlayerControllerTest.PlayerIndexTest threw exception: 
System.NullReferenceException: Object reference not set to an instance of an object.</Message>
          <StackTrace>    at ContentManagerMVC.Controllers.PlayerController.Index(String sortOrder, String currentFilter, String searchString, Nullable`1 page) in C:\Users\csq\documents\visual studio 2010\Projects\ContentManagerMVC\ContentManagerMVC\Controllers\PlayerController.cs:line 26
   at TestProjectMVC.PlayerControllerTest.PlayerIndexTest() in C:\Users\csq\documents\visual studio 2010\Projects\ContentManagerMVC\TestProjectMVC\PlayerControllerTest.cs:line 330
</StackTrace>
        </ErrorInfo>
      </Output>
    </UnitTestResult>
  </Results>
</TestRun>