<?xml version="1.0" encoding="UTF-8"?>
<TestRun id="1a12cd13-2765-4910-8344-f398bbe28f1b" name="csq@CSQ-HP 2012-11-11 21:24:02" runUser="csq-HP\csq" xmlns="http://microsoft.com/schemas/VisualStudio/TeamTest/2010">
  <TestSettings name="Local" id="1e55fc8c-f910-491d-a8c5-709fde21967d">
    <Description>These are default test settings for a local test run.</Description>
    <Deployment enabled="false" runDeploymentRoot="csq_CSQ-HP 2012-11-11 21_24_02">
      <DeploymentItem filename="C:\Users\csq\documents\visual studio 2010\Projects\ContentManagerMVC\ContentManagerMVC\bin\ContentManagerMVC.dll" />
    </Deployment>
    <Execution>
      <TestTypeSpecific />
      <AgentRule name="Execution Agents">
      </AgentRule>
    </Execution>
  </TestSettings>
  <Times creation="2012-11-11T21:24:02.5991102-08:00" queuing="2012-11-11T21:24:02.6521132-08:00" start="2012-11-11T21:24:02.6571135-08:00" finish="2012-11-11T21:24:02.9211286-08:00" />
  <ResultSummary outcome="Completed">
    <Counters total="1" executed="1" passed="1" error="0" failed="0" timeout="0" aborted="0" inconclusive="0" passedButRunAborted="0" notRunnable="0" notExecuted="0" disconnected="0" warning="0" completed="0" inProgress="0" pending="0" />
  </ResultSummary>
  <TestDefinitions>
    <UnitTest name="TestIndexView" storage="c:\users\csq\documents\visual studio 2010\projects\contentmanagermvc\testprojectmvc1\bin\debug\testprojectmvc1.dll" id="17b641ce-60a6-feae-80d1-dec1166f269a">
      <Execution id="9809444f-15f4-47e9-bf3c-6cc476c1f71b" />
      <TestMethod codeBase="C:/Users/csq/documents/visual studio 2010/Projects/ContentManagerMVC/TestProjectMVC1/bin/Debug/TestProjectMVC1.DLL" adapterTypeName="Microsoft.VisualStudio.TestTools.TestTypes.Unit.UnitTestAdapter, Microsoft.VisualStudio.QualityTools.Tips.UnitTest.Adapter, Version=10.0.0.0, Culture=neutral, PublicKeyToken=b03f5f7f11d50a3a" className="TestProjectMVC1.UnitTestContent, TestProjectMVC1, Version=1.0.0.0, Culture=neutral, PublicKeyToken=null" name="TestIndexView" />
    </UnitTest>
  </TestDefinitions>
  <TestLists>
    <TestList name="Results Not in a List" id="8c84fa94-04c1-424b-9868-57a2d4851a1d" />
    <TestList name="All Loaded Results" id="19431567-8539-422a-85d7-44ee4e166bda" />
  </TestLists>
  <TestEntries>
    <TestEntry testId="17b641ce-60a6-feae-80d1-dec1166f269a" executionId="9809444f-15f4-47e9-bf3c-6cc476c1f71b" testListId="8c84fa94-04c1-424b-9868-57a2d4851a1d" />
  </TestEntries>
  <Results>
    <UnitTestResult executionId="9809444f-15f4-47e9-bf3c-6cc476c1f71b" testId="17b641ce-60a6-feae-80d1-dec1166f269a" testName="TestIndexView" computerName="CSQ-HP" duration="00:00:00.0924102" startTime="2012-11-11T21:24:02.6591136-08:00" endTime="2012-11-11T21:24:02.9061277-08:00" testType="13cdc9d9-ddb5-4fa4-a97d-d965ccfc6d4b" outcome="Passed" testListId="8c84fa94-04c1-424b-9868-57a2d4851a1d" relativeResultsDirectory="9809444f-15f4-47e9-bf3c-6cc476c1f71b">
    </UnitTestResult>
  </Results>
</TestRun>